proguard/seeds.txt
com.asiainfo.droidwall.BootBroadcast
com.asiainfo.droidwall.BootBroadcast: BootBroadcast()
com.asiainfo.droidwall.CustomScriptActivity
com.asiainfo.droidwall.CustomScriptActivity: CustomScriptActivity()
com.asiainfo.droidwall.HelpActivity
com.asiainfo.droidwall.HelpActivity: HelpActivity()
com.asiainfo.droidwall.MainActivity
com.asiainfo.droidwall.MainActivity: MainActivity()
com.asiainfo.droidwall.PackageBroadcast
com.asiainfo.droidwall.PackageBroadcast: PackageBroadcast()
com.asiainfo.droidwall.R$attr
com.asiainfo.droidwall.R$attr: int colorAccent
com.asiainfo.droidwall.R$attr: int colorPrimary
com.asiainfo.droidwall.R$attr: int colorPrimaryDark
com.asiainfo.droidwall.R$attr: R$attr()
com.asiainfo.droidwall.R$color
com.asiainfo.droidwall.R$color: int ColorAccent
com.asiainfo.droidwall.R$color: int ColorPrimary
com.asiainfo.droidwall.R$color: int ColorPrimaryDark
com.asiainfo.droidwall.R$color: R$color()
com.asiainfo.droidwall.R$drawable
com.asiainfo.droidwall.R$drawable: int ic_button_cancel
com.asiainfo.droidwall.R$drawable: int ic_button_ok
com.asiainfo.droidwall.R$drawable: int ic_default
com.asiainfo.droidwall.R$drawable: int ic_launcher
com.asiainfo.droidwall.R$drawable: int ic_lock_firewall_disable
com.asiainfo.droidwall.R$drawable: int ic_lock_firewall_enable
com.asiainfo.droidwall.R$drawable: int ic_settings_security
com.asiainfo.droidwall.R$drawable: int ic_settings_smart_screen
com.asiainfo.droidwall.R$drawable: R$drawable()
com.asiainfo.droidwall.R$id
com.asiainfo.droidwall.R$id: int custom_script_summary1
com.asiainfo.droidwall.R$id: int custom_script_summary2
com.asiainfo.droidwall.R$id: int custom_script_title1
com.asiainfo.droidwall.R$id: int custom_script_title2
com.asiainfo.droidwall.R$id: int customscript
com.asiainfo.droidwall.R$id: int customscript2
com.asiainfo.droidwall.R$id: int input_password
com.asiainfo.droidwall.R$id: int itemcheck_data
com.asiainfo.droidwall.R$id: int itemcheck_wifi
com.asiainfo.droidwall.R$id: int itemicon
com.asiainfo.droidwall.R$id: int itemtext
com.asiainfo.droidwall.R$id: int listview
com.asiainfo.droidwall.R$id: int menu_apply
com.asiainfo.droidwall.R$id: int menu_clearlog
com.asiainfo.droidwall.R$id: int menu_disable
com.asiainfo.droidwall.R$id: int menu_discard_script
com.asiainfo.droidwall.R$id: int menu_exit
com.asiainfo.droidwall.R$id: int menu_help
com.asiainfo.droidwall.R$id: int menu_mode
com.asiainfo.droidwall.R$id: int menu_save_script
com.asiainfo.droidwall.R$id: int menu_setcustom
com.asiainfo.droidwall.R$id: int menu_setpwd
com.asiainfo.droidwall.R$id: int menu_showlog
com.asiainfo.droidwall.R$id: int menu_showrules
com.asiainfo.droidwall.R$id: int menu_togglelog
com.asiainfo.droidwall.R$id: int tv_data
com.asiainfo.droidwall.R$id: int tv_package_name
com.asiainfo.droidwall.R$id: int tv_wifi
com.asiainfo.droidwall.R$id: R$id()
com.asiainfo.droidwall.R$layout
com.asiainfo.droidwall.R$layout: int activity_custom_script
com.asiainfo.droidwall.R$layout: int activity_help
com.asiainfo.droidwall.R$layout: int activity_listitem
com.asiainfo.droidwall.R$layout: int activity_main
com.asiainfo.droidwall.R$layout: int activity_password
com.asiainfo.droidwall.R$layout: R$layout()
com.asiainfo.droidwall.R$menu
com.asiainfo.droidwall.R$menu: int menu_custom_script
com.asiainfo.droidwall.R$menu: int menu_main
com.asiainfo.droidwall.R$menu: R$menu()
com.asiainfo.droidwall.R$raw
com.asiainfo.droidwall.R$raw: int busybox_g1
com.asiainfo.droidwall.R$raw: int iptables_armv5
com.asiainfo.droidwall.R$raw: R$raw()
...
android.support.v4.media.session.MediaSessionCompat$ResultReceiverWrapper
android.support.v4.media.session.MediaSessionCompat$ResultReceiverWrapper: android.os.Parcelable$Creator CREATOR
android.support.v4.media.session.MediaSessionCompat$Token
android.support.v4.media.session.MediaSessionCompat$Token: android.os.Parcelable$Creator CREATOR
android.support.v4.media.session.ParcelableVolumeInfo
android.support.v4.media.session.ParcelableVolumeInfo: android.os.Parcelable$Creator CREATOR
android.support.v4.media.session.PlaybackStateCompat
android.support.v4.media.session.PlaybackStateCompat: android.os.Parcelable$Creator CREATOR
android.support.v4.media.session.PlaybackStateCompat$CustomAction
android.support.v4.media.session.PlaybackStateCompat$CustomAction: android.os.Parcelable$Creator CREATOR
android.support.v4.os.OperationCanceledException
android.support.v4.os.ResultReceiver
android.support.v4.os.ResultReceiver: android.os.Parcelable$Creator CREATOR
android.support.v4.view.PagerTabStrip
android.support.v4.view.PagerTabStrip: PagerTabStrip(android.content.Context)
android.support.v4.view.PagerTabStrip: PagerTabStrip(android.content.Context,android.util.AttributeSet)
android.support.v4.view.PagerTabStrip: void setTabIndicatorColor(int)
android.support.v4.view.PagerTabStrip: void setTabIndicatorColorResource(int)
android.support.v4.view.PagerTabStrip: int getTabIndicatorColor()
android.support.v4.view.PagerTabStrip: void setPadding(int,int,int,int)
android.support.v4.view.PagerTabStrip: void setTextSpacing(int)
android.support.v4.view.PagerTabStrip: void setBackgroundDrawable(android.graphics.drawable.Drawable)
android.support.v4.view.PagerTabStrip: void setBackgroundColor(int)
android.support.v4.view.PagerTabStrip: void setBackgroundResource(int)
android.support.v4.view.PagerTabStrip: void setDrawFullUnderline(boolean)
android.support.v4.view.PagerTabStrip: boolean getDrawFullUnderline()
android.support.v4.view.PagerTabStrip: int getMinHeight()
android.support.v4.view.PagerTitleStrip
android.support.v4.view.PagerTitleStrip: void setSingleLineAllCaps(android.widget.TextView)
android.support.v4.view.PagerTitleStrip: PagerTitleStrip(android.content.Context)
android.support.v4.view.PagerTitleStrip: PagerTitleStrip(android.content.Context,android.util.AttributeSet)
android.support.v4.view.PagerTitleStrip: void setTextSpacing(int)
android.support.v4.view.PagerTitleStrip: int getTextSpacing()
android.support.v4.view.PagerTitleStrip: void setNonPrimaryAlpha(float)
android.support.v4.view.PagerTitleStrip: void setTextColor(int)
android.support.v4.view.PagerTitleStrip: void setTextSize(int,float)
android.support.v4.view.PagerTitleStrip: void setGravity(int)
android.support.v4.view.PagerTitleStrip: int getMinHeight()