proguard/mapping.txt
com.asiainfo.droidwall.Api -> com.asiainfo.droidwall.a:
    com.asiainfo.droidwall.Api$DroidApp[] applications -> a
    boolean hasroot -> b
    void alert(android.content.Context,java.lang.CharSequence) -> a
    java.lang.String scriptHeader(android.content.Context) -> g
    void copyRawFile(android.content.Context,int,java.io.File,java.lang.String) -> a
    boolean applyIptablesRulesImpl(android.content.Context,java.util.List,java.util.List,boolean) -> a
    boolean applySavedIptablesRules(android.content.Context,boolean) -> a
    boolean applyIptablesRules(android.content.Context,boolean) -> b
    void saveRules(android.content.Context) -> a
    boolean purgeIptables(android.content.Context,boolean) -> c
    void showIptablesRules(android.content.Context) -> b
    boolean clearLog(android.content.Context) -> c
    void showLog(android.content.Context) -> d
    com.asiainfo.droidwall.Api$DroidApp[] getApps(android.content.Context) -> e
    boolean hasRootAccess(android.content.Context,boolean) -> d
    int runScript(android.content.Context,java.lang.String,java.lang.StringBuilder,long,boolean) -> a
    int runScriptAsRoot(android.content.Context,java.lang.String,java.lang.StringBuilder,long) -> a
    int runScriptAsRoot(android.content.Context,java.lang.String,java.lang.StringBuilder) -> a
    boolean assertBinaries(android.content.Context,boolean) -> e
    boolean isEnabled(android.content.Context) -> f
com.asiainfo.droidwall.Api$DroidApp -> com.asiainfo.droidwall.b:
    int uid -> a
    java.lang.String[] names -> b
    boolean selected_wifi -> c
    boolean selected_3g -> d
    java.lang.String tostr -> e
    android.content.pm.ApplicationInfo appinfo -> f
    android.graphics.drawable.Drawable cached_icon -> g
    boolean icon_loaded -> h
    boolean firstseem -> i
    java.lang.String toString() -> toString
com.asiainfo.droidwall.Api$LogInfo -> com.asiainfo.droidwall.c:
    int totalBlocked -> a
    java.util.HashMap dstBlocked -> b
    int access$1(com.asiainfo.droidwall.Api$LogInfo) -> a
    void access$2(com.asiainfo.droidwall.Api$LogInfo,int) -> a
    java.util.HashMap access$3(com.asiainfo.droidwall.Api$LogInfo) -> b
com.asiainfo.droidwall.Api$ScriptRunner -> com.asiainfo.droidwall.d:
    java.io.File file -> b
    java.lang.String script -> c
    java.lang.StringBuilder res -> d
    boolean asroot -> e
    int exitcode -> a
    java.lang.Process exec -> f
    void run() -> run
    void destroy() -> destroy
com.asiainfo.droidwall.BootBroadcast -> com.asiainfo.droidwall.BootBroadcast:
    void onReceive(android.content.Context,android.content.Intent) -> onReceive
com.asiainfo.droidwall.BootBroadcast$1 -> com.asiainfo.droidwall.e:
    com.asiainfo.droidwall.BootBroadcast this$0 -> a
    android.content.Context val$context -> b
    void handleMessage(android.os.Message) -> handleMessage
com.asiainfo.droidwall.BootBroadcast$2 -> com.asiainfo.droidwall.f:
    com.asiainfo.droidwall.BootBroadcast this$0 -> a
    android.content.Context val$context -> b
    android.os.Handler val$toaster -> c
    void run() -> run
com.asiainfo.droidwall.CustomScriptActivity -> com.asiainfo.droidwall.CustomScriptActivity:
    android.widget.EditText script -> a
    android.widget.EditText script2 -> b
    void onCreate(android.os.Bundle) -> onCreate
    void resultOk() -> a
    void resultCancel() -> b
    boolean onKeyDown(int,android.view.KeyEvent) -> onKeyDown
    boolean onCreateOptionsMenu(android.view.Menu) -> onCreateOptionsMenu
    boolean onOptionsItemSelected(android.view.MenuItem) -> onOptionsItemSelected
    void access$0(com.asiainfo.droidwall.CustomScriptActivity) -> a
    void access$1(com.asiainfo.droidwall.CustomScriptActivity) -> b
com.asiainfo.droidwall.CustomScriptActivity$1 -> com.asiainfo.droidwall.g:
    com.asiainfo.droidwall.CustomScriptActivity this$0 -> a
    void onClick(android.content.DialogInterface,int) -> onClick
...
android.support.v4.app.Fragment$SavedState$1 -> android.support.v4.app.n:
    android.support.v4.app.Fragment$SavedState createFromParcel(android.os.Parcel) -> a
    android.support.v4.app.Fragment$SavedState[] newArray(int) -> a
    java.lang.Object[] newArray(int) -> newArray
    java.lang.Object createFromParcel(android.os.Parcel) -> createFromParcel
android.support.v4.app.FragmentActivity -> android.support.v4.app.FragmentActivity:
    android.os.Handler mHandler -> a
    android.support.v4.app.FragmentController mFragments -> b
    boolean mCreated -> c
    boolean mResumed -> d
    boolean mStopped -> e
    boolean mReallyStopped -> f
    boolean mRetaining -> g
    boolean mOptionsMenuInvalidated -> h
    void onActivityResult(int,int,android.content.Intent) -> onActivityResult
    void onBackPressed() -> onBackPressed
    void supportFinishAfterTransition() -> a
    void onConfigurationChanged(android.content.res.Configuration) -> onConfigurationChanged
    void onCreate(android.os.Bundle) -> onCreate
    boolean onCreatePanelMenu(int,android.view.Menu) -> onCreatePanelMenu
    android.view.View dispatchFragmentsOnCreateView(android.view.View,java.lang.String,android.content.Context,android.util.AttributeSet) -> a
    void onDestroy() -> onDestroy
    boolean onKeyDown(int,android.view.KeyEvent) -> onKeyDown
    void onLowMemory() -> onLowMemory
    boolean onMenuItemSelected(int,android.view.MenuItem) -> onMenuItemSelected
    void onPanelClosed(int,android.view.Menu) -> onPanelClosed
    void onPause() -> onPause
    void onNewIntent(android.content.Intent) -> onNewIntent
    void onResume() -> onResume
    void onPostResume() -> onPostResume
    void onResumeFragments() -> b
    boolean onPreparePanel(int,android.view.View,android.view.Menu) -> onPreparePanel
android.support.v4.app.FragmentActivity$1 -> android.support.v4.app.o:
    android.support.v4.app.FragmentActivity this$0 -> a
    void handleMessage(android.os.Message) -> handleMessage
android.support.v4.app.FragmentActivity$HostCallbacks -> android.support.v4.app.p:
    android.support.v4.app.FragmentActivity this$0 -> a
    void onDump(java.lang.String,java.io.FileDescriptor,java.io.PrintWriter,java.lang.String[]) -> a
    boolean onShouldSaveFragmentState(android.support.v4.app.Fragment) -> a
    android.view.LayoutInflater onGetLayoutInflater() -> b
    void onSupportInvalidateOptionsMenu() -> c
    boolean onHasWindowAnimations() -> d
    int onGetWindowAnimations() -> e
    void onAttachFragment(android.support.v4.app.Fragment) -> b
    android.view.View onFindViewById(int) -> a
    boolean onHasView() -> a
android.support.v4.app.FragmentActivity$NonConfigurationInstances -> android.support.v4.app.q:
    java.lang.Object custom -> a
    java.util.List fragments -> b
    android.support.v4.util.SimpleArrayMap loaders -> c
android.support.v4.app.FragmentContainer -> android.support.v4.app.r:
    android.view.View onFindViewById(int) -> a
    boolean onHasView() -> a