proguard/usage.txt
com.asiainfo.droidwall.Api:
    public static final java.lang.String VERSION
    public static final int SPECIAL_UID_ANY
    public static final int SPECIAL_UID_KERNEL
    private static final java.lang.String SCRIPT_FILE
    public static final java.lang.String PREFS_NAME
    public static final java.lang.String PREF_3G_UIDS
    public static final java.lang.String PREF_WIFI_UIDS
    public static final java.lang.String PREF_PASSWORD
    public static final java.lang.String PREF_CUSTOMSCRIPT
    public static final java.lang.String PREF_CUSTOMSCRIPT2
    public static final java.lang.String PREF_MODE
    public static final java.lang.String PREF_ENABLED
    public static final java.lang.String PREF_LOGENABLED
    public static final java.lang.String MODE_WHITELIST
    public static final java.lang.String MODE_BLACKLIST
    public static final java.lang.String STATUS_CHANGED_MSG
    public static final java.lang.String TOGGLE_REQUEST_MSG
    public static final java.lang.String CUSTOM_SCRIPT_MSG
    public static final java.lang.String STATUS_EXTRA
    public static final java.lang.String SCRIPT_EXTRA
    public static final java.lang.String SCRIPT2_EXTRA
    55:55:public Api()
    789:789:public static int runScript(android.content.Context,java.lang.String,java.lang.StringBuilder)
com.asiainfo.droidwall.BuildConfig
com.asiainfo.droidwall.MainActivity:
    private static final java.lang.String TAG
com.asiainfo.droidwall.R:
    10:10:public R()
...
android.support.v4.content.ContentResolverCompat$ContentResolverCompatImplBase
android.support.v4.content.ContentResolverCompat$ContentResolverCompatImplJB
android.support.v4.content.ContentResolverCompatJellybean
android.support.v4.content.ContextCompat:
    private static final java.lang.String TAG
    private static final java.lang.String DIR_ANDROID
    private static final java.lang.String DIR_DATA
    private static final java.lang.String DIR_OBB
    private static final java.lang.String DIR_FILES
    private static final java.lang.String DIR_CACHE
    38:38:public ContextCompat()
    73:73:public static boolean startActivities(android.content.Context,android.content.Intent[])
    105:113:public static boolean startActivities(android.content.Context,android.content.Intent[],android.os.Bundle)
    160:171:public static java.io.File[] getObbDirs(android.content.Context)
    220:231:public static java.io.File[] getExternalFilesDirs(android.content.Context,java.lang.String)
    280:291:public static java.io.File[] getExternalCacheDirs(android.content.Context)
    296:304:private static varargs java.io.File buildPath(java.io.File,java.lang.String[])
    342:346:public static final android.content.res.ColorStateList getColorStateList(android.content.Context,int)
    364:368:public static final int getColor(android.content.Context,int)
    383:387:public static int checkSelfPermission(android.content.Context,java.lang.String)
    407:412:public final java.io.File getNoBackupFilesDir(android.content.Context)
    432:437:public final java.io.File getCodeCacheDir(android.content.Context)
    442:452:private static synchronized java.io.File createFilesDir(java.io.File)
android.support.v4.content.ContextCompatApi21:
    24:24:ContextCompatApi21()
    30:30:public static java.io.File getNoBackupFilesDir(android.content.Context)
    34:34:public static java.io.File getCodeCacheDir(android.content.Context)
android.support.v4.content.ContextCompatApi23
android.support.v4.content.ContextCompatFroyo
android.support.v4.content.ContextCompatHoneycomb
android.support.v4.content.ContextCompatJellybean
android.support.v4.content.ContextCompatKitKat
android.support.v4.content.CursorLoader
android.support.v4.content.EditorCompatGingerbread
android.support.v4.content.ExecutorCompatHoneycomb
android.support.v4.content.FileProvider:
    private static final java.lang.String META_DATA_FILE_PROVIDER_PATHS
    private static final java.lang.String TAG_ROOT_PATH
    private static final java.lang.String TAG_FILES_PATH
    private static final java.lang.String TAG_CACHE_PATH
    private static final java.lang.String TAG_EXTERNAL
    private static final java.lang.String ATTR_NAME
    private static final java.lang.String ATTR_PATH
    376:377:public static android.net.Uri getUriForFile(android.content.Context,java.lang.String,java.io.File)
android.support.v4.content.FileProvider$PathStrategy:
    public abstract android.net.Uri getUriForFile(java.io.File)
android.support.v4.content.FileProvider$SimplePathStrategy:
    662:692:public android.net.Uri getUriForFile(java.io.File)
android.support.v4.content.IntentCompat
android.support.v4.content.IntentCompat$IntentCompatImpl
android.support.v4.content.IntentCompat$IntentCompatImplBase
android.support.v4.content.IntentCompat$IntentCompatImplHC
android.support.v4.content.IntentCompat$IntentCompatImplIcsMr1
android.support.v4.content.IntentCompatHoneycomb
android.support.v4.content.IntentCompatIcsMr1